<?xml version="1.0" encoding="UTF-8"?>
<!-- Generated by org.testng.reporters.JUnitReportReporter -->
<testsuite skipped="0" hostname="LAPTOP-F9EC64LI" name="api.test.GetEmployeesInformationTest" tests="4" failures="0" timestamp="2021-08-31T15:12:59 CST" time="4.165" errors="0">
  <testcase name="printEmployeeInformation" time="0.517" classname="api.test.GetEmployeesInformationTest"/>
  <system-out/>
  <testcase name="printEmployeeInformation" time="0.264" classname="api.test.GetEmployeesInformationTest"/>
  <system-out/>
  <testcase name="getAllEmployess" time="2.501" classname="api.test.GetEmployeesInformationTest"/>
  <system-out/>
  <testcase name="printEmployeeInformation" time="0.883" classname="api.test.GetEmployeesInformationTest"/>
  <system-out/>
</testsuite> <!-- api.test.GetEmployeesInformationTest -->
