<?xml version="1.0" encoding="UTF-8"?>
<!-- Generated by org.testng.reporters.JUnitReportReporter -->
<testsuite skipped="0" hostname="LAPTOP-F9EC64LI" name="com.test.ClickingElementsTest" tests="6" failures="0" timestamp="2021-08-23T21:36:32 CST" time="8.839" errors="0">
  <testcase name="floatMenuTest" time="0.730" classname="com.test.ClickingElementsTest"/>
  <system-out/>
  <testcase name="formAuthenticationTest" time="2.106" classname="com.test.ClickingElementsTest"/>
  <system-out/>
  <testcase name="horizontalSlideTest" time="0.863" classname="com.test.ClickingElementsTest"/>
  <system-out/>
  <testcase name="multepleWindowsTest" time="1.167" classname="com.test.ClickingElementsTest"/>
  <system-out/>
  <testcase name="contexMenuTest" time="2.637" classname="com.test.ClickingElementsTest"/>
  <system-out/>
  <testcase name="addRemoveButtonsTest" time="1.336" classname="com.test.ClickingElementsTest"/>
  <system-out/>
</testsuite> <!-- com.test.ClickingElementsTest -->
